<?xml version="1.0" encoding="UTF-8"?>
<!-- Generated by org.testng.reporters.JUnitXMLReporter -->
<testsuite hostname="PHX440G3-2815Y1" ignored="0" name="Test" tests="5" failures="0" timestamp="12 Sep 2018 18:38:55 GMT" time="0.119" errors="0">
  <testcase name="xtest" time="0.009" classname="mytest.NewTestNG"/>
  <testcase name="ztest" time="0.011" classname="mytest.NewTestNG"/>
  <testcase name="ytest" time="0.004" classname="mytest.NewTestNG"/>
  <testcase name="subTest" time="0.023" classname="mytest.NewTestNG"/>
  <testcase name="addTest" time="0.007" classname="mytest.NewTestNG"/>
</testsuite> <!-- Test -->
