<?xml version="1.0" encoding="UTF-8"?>
<!-- Generated by org.testng.reporters.JUnitXMLReporter -->
<testsuite hostname="PHX440G3-2815Y1" ignored="4" name="Default test" tests="1" failures="0" timestamp="12 Sep 2018 17:50:55 GMT" time="0.087" errors="0">
  <testcase name="add" time="0.014" classname="mytest.NewTestNG"/>
  <testcase name="ztest" time="0.0" classname="mytest.NewTestNG">
    <ignored/>
  </testcase> <!-- ztest -->
  <testcase name="xtest" time="0.0" classname="mytest.NewTestNG">
    <ignored/>
  </testcase> <!-- xtest -->
  <testcase name="sub" time="0.0" classname="mytest.NewTestNG">
    <ignored/>
  </testcase> <!-- sub -->
  <testcase name="ytest" time="0.0" classname="mytest.NewTestNG">
    <ignored/>
  </testcase> <!-- ytest -->
</testsuite> <!-- Default test -->
